0 verbose cli /usr/local/bin/node /usr/local/bin/npm
1 info using npm@8.13.1
2 info using node@v17.9.1
3 timing npm:load:whichnode Completed in 0ms
4 timing config:load:defaults Completed in 22ms
5 timing config:load:file:/usr/local/lib/node_modules/npm/npmrc Completed in 2ms
6 timing config:load:builtin Completed in 3ms
7 timing config:load:cli Completed in 3ms
8 timing config:load:env Completed in 1ms
9 timing config:load:project Completed in 35ms
10 timing config:load:file:/home/container/.npmrc Completed in 0ms
11 timing config:load:user Completed in 0ms
12 timing config:load:file:/usr/local/etc/npmrc Completed in 0ms
13 timing config:load:global Completed in 0ms
14 timing config:load:validate Completed in 0ms
15 timing config:load:credentials Completed in 2ms
16 timing config:load:setEnvs Completed in 1ms
17 timing config:load Completed in 68ms
18 timing npm:load:configload Completed in 69ms
19 timing npm:load:mkdirpcache Completed in 8ms
20 timing npm:load:mkdirplogs Completed in 2ms
21 verbose title npm i
22 verbose argv "i"
23 timing npm:load:setTitle Completed in 1ms
24 timing config:load:flatten Completed in 58ms
25 timing npm:load:display Completed in 62ms
26 verbose logfile logs-max:10 dir:/home/container/.npm/_logs
27 verbose logfile /home/container/.npm/_logs/2022-06-30T20_00_02_007Z-debug-0.log
28 timing npm:load:logFile Completed in 14ms
29 timing npm:load:timers Completed in 0ms
30 timing npm:load:configScope Completed in 0ms
31 timing npm:load Completed in 163ms
32 timing arborist:ctor Completed in 1ms
33 silly logfile start cleaning logs, removing 1 files
34 silly logfile done cleaning log files
35 timing idealTree:init Completed in 942ms
36 timing idealTree:userRequests Completed in 0ms
37 silly idealTree buildDeps
38 timing idealTree:#root Completed in 1ms
39 silly fetch manifest eslint@^5.0.0 || ^6.0.0 || ^7.0.0
40 timing arborist:ctor Completed in 0ms
41 http fetch GET 200 https://registry.npmjs.org/eslint 878ms (cache hit)
42 timing idealTree Completed in 2330ms
43 timing command:i Completed in 2356ms
44 verbose stack Error: could not resolve
44 verbose stack     at PlaceDep.failPeerConflict (/usr/local/lib/node_modules/npm/node_modules/@npmcli/arborist/lib/place-dep.js:549:25)
44 verbose stack     at PlaceDep.place (/usr/local/lib/node_modules/npm/node_modules/@npmcli/arborist/lib/place-dep.js:199:21)
44 verbose stack     at new PlaceDep (/usr/local/lib/node_modules/npm/node_modules/@npmcli/arborist/lib/place-dep.js:73:10)
44 verbose stack     at /usr/local/lib/node_modules/npm/node_modules/@npmcli/arborist/lib/arborist/build-ideal-tree.js:990:31
44 verbose stack     at Array.map (<anonymous>)
44 verbose stack     at Arborist.[buildDepStep] (/usr/local/lib/node_modules/npm/node_modules/@npmcli/arborist/lib/arborist/build-ideal-tree.js:990:8)
44 verbose stack     at async Arborist.buildIdealTree (/usr/local/lib/node_modules/npm/node_modules/@npmcli/arborist/lib/arborist/build-ideal-tree.js:218:7)
44 verbose stack     at async Promise.all (index 1)
44 verbose stack     at async Arborist.reify (/usr/local/lib/node_modules/npm/node_modules/@npmcli/arborist/lib/arborist/reify.js:153:5)
44 verbose stack     at async Install.exec (/usr/local/lib/node_modules/npm/lib/commands/install.js:145:5)
45 verbose cwd /home/container
46 verbose Linux 4.15.0-188-generic
47 verbose node v17.9.1
48 verbose npm  v8.13.1
49 error code ERESOLVE
50 error ERESOLVE could not resolve
51 error
52 error While resolving: [1m@typescript-eslint/eslint-plugin[22m@[1m4.33.0[22m
52 error Found: [1meslint[22m@[1m8.2.0[22m[2m[22m
52 error [2mnode_modules/eslint[22m
52 error   [33mdev[39m [1meslint[22m@"[1m^8.2.0[22m" from the root project
52 error   [35mpeer[39m [1meslint[22m@"[1m*[22m" from [1m@typescript-eslint/experimental-utils[22m@[1m4.33.0[22m[2m[22m
52 error   [2mnode_modules/@typescript-eslint/experimental-utils[22m
52 error     [1m@typescript-eslint/experimental-utils[22m@"[1m4.33.0[22m" from [1m@typescript-eslint/eslint-plugin[22m@[1m4.33.0[22m[2m[22m
52 error     [2mnode_modules/@typescript-eslint/eslint-plugin[22m
52 error       [33mdev[39m [1m@typescript-eslint/eslint-plugin[22m@"[1m^4.22.1[22m" from the root project
52 error   1 more (eslint-utils)
52 error
52 error Could not resolve dependency:
52 error [35mpeer[39m [1meslint[22m@"[1m^5.0.0 || ^6.0.0 || ^7.0.0[22m" from [1m@typescript-eslint/eslint-plugin[22m@[1m4.33.0[22m[2m[22m
52 error [2mnode_modules/@typescript-eslint/eslint-plugin[22m
52 error   [33mdev[39m [1m@typescript-eslint/eslint-plugin[22m@"[1m^4.22.1[22m" from the root project
52 error
52 error Conflicting peer dependency: [1meslint[22m@[1m7.32.0[22m[2m[22m
52 error [2mnode_modules/eslint[22m
52 error   [35mpeer[39m [1meslint[22m@"[1m^5.0.0 || ^6.0.0 || ^7.0.0[22m" from [1m@typescript-eslint/eslint-plugin[22m@[1m4.33.0[22m[2m[22m
52 error   [2mnode_modules/@typescript-eslint/eslint-plugin[22m
52 error     [33mdev[39m [1m@typescript-eslint/eslint-plugin[22m@"[1m^4.22.1[22m" from the root project
52 error
52 error Fix the upstream dependency conflict, or retry
52 error this command with --force, or --legacy-peer-deps
52 error to accept an incorrect (and potentially broken) dependency resolution.
52 error
52 error See /home/container/.npm/eresolve-report.txt for a full report.
53 verbose exit 1
54 timing npm Completed in 2755ms
55 verbose unfinished npm timer reify 1656619202312
56 verbose unfinished npm timer reify:loadTrees 1656619202332
57 verbose unfinished npm timer idealTree:buildDeps 1656619203277
58 verbose unfinished npm timer idealTree:node_modules/@typescript-eslint/eslint-plugin 1656619203278
59 verbose code 1
60 error A complete log of this run can be found in:
60 error     /home/container/.npm/_logs/2022-06-30T20_00_02_007Z-debug-0.log
